16:11:41.367 [restartedMain] INFO  c.s.L.LoggingDemoApplication - Starting LoggingDemoApplication using Java 21.0.1 with PID 9640 (D:\SpringBoot_Examples\LoggingDemo\target\classes started by Kumar_Shekhar in D:\SpringBoot_Examples\LoggingDemo)
16:11:41.376 [restartedMain] DEBUG c.s.L.LoggingDemoApplication - Running with Spring Boot v3.2.2, Spring v6.1.3
16:11:41.377 [restartedMain] INFO  c.s.L.LoggingDemoApplication - No active profile set, falling back to 1 default profile: "default"
16:11:41.458 [restartedMain] INFO  o.s.b.d.e.DevToolsPropertyDefaultsPostProcessor - Devtools property defaults active! Set 'spring.devtools.add-properties' to 'false' to disable
16:11:41.459 [restartedMain] INFO  o.s.b.d.e.DevToolsPropertyDefaultsPostProcessor - For additional web related logging consider setting the 'logging.level.web' property to 'DEBUG'
16:11:42.698 [restartedMain] INFO  o.s.b.w.e.tomcat.TomcatWebServer - Tomcat initialized with port 8080 (http)
16:11:42.713 [restartedMain] INFO  o.a.coyote.http11.Http11NioProtocol - Initializing ProtocolHandler ["http-nio-8080"]
16:11:42.715 [restartedMain] INFO  o.a.catalina.core.StandardService - Starting service [Tomcat]
16:11:42.716 [restartedMain] INFO  o.a.catalina.core.StandardEngine - Starting Servlet engine: [Apache Tomcat/10.1.18]
16:11:42.769 [restartedMain] INFO  o.a.c.c.C.[Tomcat].[localhost].[/] - Initializing Spring embedded WebApplicationContext
16:11:42.770 [restartedMain] INFO  o.s.b.w.s.c.ServletWebServerApplicationContext - Root WebApplicationContext: initialization completed in 1309 ms
16:11:43.248 [restartedMain] INFO  o.s.b.d.a.OptionalLiveReloadServer - LiveReload server is running on port 35729
16:11:43.261 [restartedMain] INFO  o.a.coyote.http11.Http11NioProtocol - Starting ProtocolHandler ["http-nio-8080"]
16:11:43.284 [restartedMain] INFO  o.s.b.w.e.tomcat.TomcatWebServer - Tomcat started on port 8080 (http) with context path ''
16:11:43.294 [restartedMain] INFO  c.s.L.LoggingDemoApplication - Started LoggingDemoApplication in 2.328 seconds (process running for 3.055)
16:11:50.917 [http-nio-8080-exec-2] INFO  o.a.c.c.C.[Tomcat].[localhost].[/] - Initializing Spring DispatcherServlet 'dispatcherServlet'
16:11:50.917 [http-nio-8080-exec-2] INFO  o.s.web.servlet.DispatcherServlet - Initializing Servlet 'dispatcherServlet'
16:11:50.918 [http-nio-8080-exec-2] INFO  o.s.web.servlet.DispatcherServlet - Completed initialization in 1 ms
16:11:50.948 [http-nio-8080-exec-2] INFO  c.s.L.controller.UserController - info logger
16:11:50.948 [http-nio-8080-exec-2] WARN  c.s.L.controller.UserController - warn logger
16:11:50.948 [http-nio-8080-exec-2] ERROR c.s.L.controller.UserController - error logger
16:11:50.948 [http-nio-8080-exec-2] TRACE c.s.L.controller.UserController - trace logger
16:11:50.948 [http-nio-8080-exec-2] DEBUG c.s.L.controller.UserController - debug logger
16:11:50.948 [http-nio-8080-exec-2] INFO  c.s.L.controller.UserController - info log
